<?xml version="1.0" encoding="UTF-8"?>
<!-- Generated by org.testng.reporters.JUnitReportReporter -->
<testsuite hostname="LAPTOP-SWARA" name="com.test.Vagrant.Test1" tests="4" failures="0" timestamp="24 Jul 2022 12:37:04 GMT" time="31.320" errors="0">
  <testcase name="film" time="4.939" classname="com.test.Vagrant.Test1"/>
  <testcase name="country" time="0.073" classname="com.test.Vagrant.Test1"/>
  <testcase name="openurl" time="14.155" classname="com.test.Vagrant.Test1"/>
  <testcase name="date" time="12.153" classname="com.test.Vagrant.Test1"/>
</testsuite> <!-- com.test.Vagrant.Test1 -->
